> C:\Users\MOSTAFA.ARAD\Desktop\Dental-Mina_GIT\evidence\G38\gradle_assembleDebug.log:4:Starting process 'Gradle build daemon'. Working directory: C:\Users\MOSTAFA.ARAD\.gradle\daemon\8.14.3 Command: C:\Program Files\Eclipse Adoptium\jdk-17.0.18.8-hotspot\bin\java.exe --add-opens=java.base/java.lang=ALL-UNNAMED --add-opens=java.base/java.lang.invoke=ALL-UNNAMED --add-opens=java.base/java.util=ALL-UNNAMED --add-opens=java.prefs/java.util.prefs=ALL-UNNAMED --add-exports=jdk.compiler/com.sun.tools.javac.api=ALL-UNNAMED --add-exports=jdk.compiler/com.sun.tools.javac.util=ALL-UNNAMED --add-opens=java.base/java.util=ALL-UNNAMED --add-opens=java.prefs/java.util.prefs=ALL-UNNAMED --add-opens=java.base/java.nio.charset=ALL-UNNAMED --add-opens=java.base/java.net=ALL-UNNAMED --add-opens=java.base/java.util.concurrent.atomic=ALL-UNNAMED --add-opens=java.xml/javax.xml.namespace=ALL-UNNAMED -Xmx1536m -Dfile.encoding=windows-1252 -Duser.country=US -Duser.language=en -Duser.variant -cp C:\Users\MOSTAFA.ARAD\.gradle\wrapper\dists\gradle-8.14.3-all\10utluxaxniiv4wxiphsi49nj\gradle-8.14.3\lib\gradle-daemon-main-8.14.3.jar -javaagent:C:\Users\MOSTAFA.ARAD\.gradle\wrapper\dists\gradle-8.14.3-all\10utluxaxniiv4wxiphsi49nj\gradle-8.14.3\lib\agents\gradle-instrumentation-agent-8.14.3.jar org.gradle.launcher.daemon.bootstrap.GradleDaemon 8.14.3
  C:\Users\MOSTAFA.ARAD\Desktop\Dental-Mina_GIT\evidence\G38\gradle_assembleDebug.log:5:Successfully started process 'Gradle build daemon'
  C:\Users\MOSTAFA.ARAD\Desktop\Dental-Mina_GIT\evidence\G38\gradle_assembleDebug.log:6:An attempt to start the daemon took 0.962 secs.
> C:\Users\MOSTAFA.ARAD\Desktop\Dental-Mina_GIT\evidence\G38\gradle_assembleDebug.log:7:The client will now receive all logging from the daemon (pid: 568). The daemon log file: C:\Users\MOSTAFA.ARAD\.gradle\daemon\8.14.3\daemon-568.out.log
  C:\Users\MOSTAFA.ARAD\Desktop\Dental-Mina_GIT\evidence\G38\gradle_assembleDebug.log:8:Daemon will be stopped at the end of the build 
  C:\Users\MOSTAFA.ARAD\Desktop\Dental-Mina_GIT\evidence\G38\gradle_assembleDebug.log:9:Using 24 worker leases.
  C:\Users\MOSTAFA.ARAD\Desktop\Dental-Mina_GIT\evidence\G38\gradle_assembleDebug.log:10:Received JVM installation metadata from 'C:\Program Files\Eclipse Adoptium\jdk-17.0.18.8-hotspot': {JAVA_HOME=C:\Program Files\Eclipse Adoptium\jdk-17.0.18.8-hotspot, JAVA_VERSION=17.0.18, JAVA_VENDOR=Eclipse Adoptium, RUNTIME_NAME=OpenJDK Runtime Environment, RUNTIME_VERSION=17.0.18+8, VM_NAME=OpenJDK 64-Bit Server VM, VM_VERSION=17.0.18+8, VM_VENDOR=Eclipse Adoptium, OS_ARCH=amd64}
> C:\Users\MOSTAFA.ARAD\Desktop\Dental-Mina_GIT\evidence\G38\gradle_assembleDebug.log:40:FAILURE: Build failed with an exception.
  C:\Users\MOSTAFA.ARAD\Desktop\Dental-Mina_GIT\evidence\G38\gradle_assembleDebug.log:41:
> C:\Users\MOSTAFA.ARAD\Desktop\Dental-Mina_GIT\evidence\G38\gradle_assembleDebug.log:42:* What went wrong:
  C:\Users\MOSTAFA.ARAD\Desktop\Dental-Mina_GIT\evidence\G38\gradle_assembleDebug.log:43:A problem occurred configuring root project 'android'.
> C:\Users\MOSTAFA.ARAD\Desktop\Dental-Mina_GIT\evidence\G38\gradle_assembleDebug.log:44:> Could not resolve all artifacts for configuration 'classpath'.
> C:\Users\MOSTAFA.ARAD\Desktop\Dental-Mina_GIT\evidence\G38\gradle_assembleDebug.log:45:   > Could not find com.android.tools.build:gradle:8.10.0.
  C:\Users\MOSTAFA.ARAD\Desktop\Dental-Mina_GIT\evidence\G38\gradle_assembleDebug.log:46:     Searched in the following locations:
  C:\Users\MOSTAFA.ARAD\Desktop\Dental-Mina_GIT\evidence\G38\gradle_assembleDebug.log:47:       - https://dl.google.com/dl/android/maven2/com/android/tools/build/gradle/8.10.0/gradle-8.10.0.pom
  C:\Users\MOSTAFA.ARAD\Desktop\Dental-Mina_GIT\evidence\G38\gradle_assembleDebug.log:48:       - https://repo.maven.apache.org/maven2/com/android/tools/build/gradle/8.10.0/gradle-8.10.0.pom
> C:\Users\MOSTAFA.ARAD\Desktop\Dental-Mina_GIT\evidence\G38\gradle_assembleDebug.log:67:	at org.gradle.configuration.project.LifecycleProjectEvaluator.access$500(LifecycleProjectEvaluator.java:55)
  C:\Users\MOSTAFA.ARAD\Desktop\Dental-Mina_GIT\evidence\G38\gradle_assembleDebug.log:68:	at org.gradle.configuration.project.LifecycleProjectEvaluator$EvaluateProject.lambda$run$0(LifecycleProjectEvaluator.java:111)
  C:\Users\MOSTAFA.ARAD\Desktop\Dental-Mina_GIT\evidence\G38\gradle_assembleDebug.log:69:	at org.gradle.api.internal.project.DefaultProjectStateRegistry$ProjectStateImpl.lambda$applyToMutableState$1(DefaultProjectStateRegistry.java:435)
  C:\Users\MOSTAFA.ARAD\Desktop\Dental-Mina_GIT\evidence\G38\gradle_assembleDebug.log:70:	at org.gradle.api.internal.project.DefaultProjectStateRegistry$ProjectStateImpl.lambda$fromMutableState$2(DefaultProjectStateRegistry.java:458)
> C:\Users\MOSTAFA.ARAD\Desktop\Dental-Mina_GIT\evidence\G38\gradle_assembleDebug.log:206:Caused by: org.gradle.api.internal.artifacts.ivyservice.TypedResolveException: Could not resolve all artifacts for configuration 'classpath'.
  C:\Users\MOSTAFA.ARAD\Desktop\Dental-Mina_GIT\evidence\G38\gradle_assembleDebug.log:207:	at org.gradle.api.internal.artifacts.ResolveExceptionMapper.mapFailures(ResolveExceptionMapper.java:61)
  C:\Users\MOSTAFA.ARAD\Desktop\Dental-Mina_GIT\evidence\G38\gradle_assembleDebug.log:208:	at org.gradle.api.internal.artifacts.configurations.DefaultConfiguration$DefaultResolutionHost.consolidateFailures(DefaultConfiguration.java:1931)
  C:\Users\MOSTAFA.ARAD\Desktop\Dental-Mina_GIT\evidence\G38\gradle_assembleDebug.log:209:	at org.gradle.api.internal.artifacts.configurations.ResolutionHost.rethrowFailuresAndReportProblems(ResolutionHost.java:75)
> C:\Users\MOSTAFA.ARAD\Desktop\Dental-Mina_GIT\evidence\G38\gradle_assembleDebug.log:384:Cause 1: org.gradle.internal.resolve.ModuleVersionNotFoundException: Could not find com.android.tools.build:gradle:8.10.0.
  C:\Users\MOSTAFA.ARAD\Desktop\Dental-Mina_GIT\evidence\G38\gradle_assembleDebug.log:385:Searched in the following locations:
  C:\Users\MOSTAFA.ARAD\Desktop\Dental-Mina_GIT\evidence\G38\gradle_assembleDebug.log:386:  - https://dl.google.com/dl/android/maven2/com/android/tools/build/gradle/8.10.0/gradle-8.10.0.pom
  C:\Users\MOSTAFA.ARAD\Desktop\Dental-Mina_GIT\evidence\G38\gradle_assembleDebug.log:387:  - https://repo.maven.apache.org/maven2/com/android/tools/build/gradle/8.10.0/gradle-8.10.0.pom
